<?xml version="1.0" encoding="UTF-8" ?>
<testsuite tests="10" failures="0" name="StepsDefinition.RunTest" time="30.31" errors="0" skipped="0">
  <properties>
[...]
</properties>
  <testcase classname="java.lang.Object" name="BeforeStories" time="0.015"/>
  <testcase classname="StepsDefinition.CurrencyConverterDefinitionSteps" name="Given User opens currency converter page" time="10.244"/>
  <testcase classname="StepsDefinition.CurrencyConverterDefinitionSteps" name="When User clicks on sell option link" time="2.109"/>
  <testcase classname="StepsDefinition.CurrencyConverterDefinitionSteps" name="And User selects &lt;currencyName&gt; currency from dropdown list" time="2.119"/>
  <testcase classname="StepsDefinition.CurrencyConverterDefinitionSteps" name="And User puts &lt;currencyAmount&gt; value of currency amount in sum field" time="2.19"/>
  <testcase classname="StepsDefinition.CurrencyConverterDefinitionSteps" name="And User selects &lt;rateValue&gt; rate value from dropdown list" time="2.159"/>
  <testcase classname="StepsDefinition.CurrencyConverterDefinitionSteps" name="Then User checks results for the list of currency &lt;currencyList&gt;" time="2.465"/>
  <testcase classname="Scenario: VSUBAR-1 Verify selling USD by average rate" name="Scenario: VSUBAR-1 Verify selling USD by average rate" time="2.501"/>
  <testcase classname="verify_selling_usd_by_average_rate.story" name="verify_selling_usd_by_average_rate.story" time="3.747"/>
  <testcase classname="java.lang.Object" name="AfterStories" time="2.761"/>
</testsuite>